<?xml version="1.0" encoding="UTF-8"?>
<testng-results skipped="0" failed="0" ignored="0" total="2" passed="2">
  <reporter-output>
  </reporter-output>
  <suite name="Default suite" duration-ms="142" started-at="2020-04-12T21:03:57 EDT" finished-at="2020-04-12T21:03:57 EDT">
    <groups>
    </groups>
    <test name="Default test" duration-ms="142" started-at="2020-04-12T21:03:57 EDT" finished-at="2020-04-12T21:03:57 EDT">
      <class name="learnCollections.Linked">
        <test-method status="PASS" signature="linkedlistiteration()[pri:0, instance:learnCollections.Linked@31610302]" name="linkedlistiteration" duration-ms="32" started-at="2020-04-12T21:03:57 EDT" finished-at="2020-04-12T21:03:57 EDT">
          <reporter-output>
          </reporter-output>
        </test-method> <!-- linkedlistiteration -->
        <test-method status="PASS" signature="linkedlistreverseiteration()[pri:0, instance:learnCollections.Linked@31610302]" name="linkedlistreverseiteration" duration-ms="4" started-at="2020-04-12T21:03:57 EDT" finished-at="2020-04-12T21:03:57 EDT">
          <reporter-output>
          </reporter-output>
        </test-method> <!-- linkedlistreverseiteration -->
      </class> <!-- learnCollections.Linked -->
    </test> <!-- Default test -->
  </suite> <!-- Default suite -->
</testng-results>
